[18:37:56.392][info] [#0:/home/nnisarggada/.local/share/nvim/mason/packages/lua-language-server/extension/server/main.lua:66]: Lua Lsp startup, root: 	/home/nnisarggada/.local/share/nvim/mason/packages/lua-language-server/extension/server
[18:37:56.392][info] [#0:/home/nnisarggada/.local/share/nvim/mason/packages/lua-language-server/extension/server/main.lua:67]: ROOT:	/home/nnisarggada/.local/share/nvim/mason/packages/lua-language-server/extension/server
[18:37:56.392][info] [#0:/home/nnisarggada/.local/share/nvim/mason/packages/lua-language-server/extension/server/main.lua:68]: LOGPATH:	/home/nnisarggada/.local/share/nvim/mason/packages/lua-language-server/extension/server/log
[18:37:56.392][info] [#0:/home/nnisarggada/.local/share/nvim/mason/packages/lua-language-server/extension/server/main.lua:69]: METAPATH:	/home/nnisarggada/.local/share/nvim/mason/packages/lua-language-server/extension/server/meta
[18:37:56.392][info] [#0:/home/nnisarggada/.local/share/nvim/mason/packages/lua-language-server/extension/server/main.lua:70]: VERSION:	3.6.4-dev
[18:37:56.411][info] [#0:script/service/service.lua:141]: 
========= Medical Examination Report =========
    --------------- Memory ---------------
        Total: 1.563 MB
        # 00 : 1.563 MB
        # 01 : 0.000 MB
        # 02 : 0.000 MB
        # 03 : 0.000 MB
        # 04 : 0.000 MB
    --------------- Coroutine ---------------
        Total:     0
        Running:   0
        Suspended: 0
        Normal:    0
        Dead:      0
    --------------- Cache ---------------
        Total: 1
        Dead:  0
    ---------------  RPC  ---------------
        Holdon:   0
        Waiting:  0
==============================================
[18:37:56.414][info] [#0:script/language.lua:137]: VSC language: nil
[18:37:56.414][info] [#0:script/language.lua:138]: LS  language: en-us
[18:37:56.414][info] [#0:script/workspace/workspace.lua:38]: Workspace init root: 	file:///home/nnisarggada/.config/nvim/lua/
[18:37:56.414][info] [#0:script/workspace/workspace.lua:42]: Log path: 	/home/nnisarggada/.local/share/nvim/mason/packages/lua-language-server/extension/server/log/file_home_nnisarggada_.config_nvim_lua_.log
[18:37:56.414][info] [#0:script/workspace/workspace.lua:51]: Workspace create: 	file:///home/nnisarggada/.config/nvim/lua/
[18:37:56.416][info] [#0:script/provider/provider.lua:41]: Load config from client	file:///home/nnisarggada/.config/nvim/lua/
[18:37:56.416][info] [#0:script/provider/provider.lua:42]: {
  Lua = {
    diagnostics = {
      globals = { "vim" }
    },
    telemetry = {
      enable = false
    },
    workspace = {
      library = {
        ["/home/nnisarggada/.config/nvim/lua"] = true,
        ["/usr/share/nvim/runtime/lua"] = true
      }
    }
  }
}
[18:37:56.416][info] [#0:script/provider/provider.lua:41]: Load config from client	file:///home/nnisarggada/.config/nvim/lua/
[18:37:56.416][info] [#0:script/provider/provider.lua:42]: {
  Lua = {
    diagnostics = {
      globals = { "vim" }
    },
    telemetry = {
      enable = false
    },
    workspace = {
      library = {
        ["/home/nnisarggada/.config/nvim/lua"] = true,
        ["/usr/share/nvim/runtime/lua"] = true
      }
    }
  }
}
[18:37:56.416][info] [#0:script/provider/provider.lua:41]: Load config from client	file:///home/nnisarggada/.config/nvim/lua/
[18:37:56.416][info] [#0:script/provider/provider.lua:42]: {
  Lua = {
    diagnostics = {
      globals = { "vim" }
    },
    telemetry = {
      enable = false
    },
    workspace = {
      library = {
        ["/home/nnisarggada/.config/nvim/lua"] = true,
        ["/usr/share/nvim/runtime/lua"] = true
      }
    }
  }
}
[18:37:56.416][info] [#0:script/provider/provider.lua:56]: Load config from client	fallback
[18:37:56.416][info] [#0:script/provider/provider.lua:57]: {
  Lua = {
    diagnostics = {
      globals = { "vim" }
    },
    telemetry = {
      enable = false
    },
    workspace = {
      library = {
        ["/home/nnisarggada/.config/nvim/lua"] = true,
        ["/usr/share/nvim/runtime/lua"] = true
      }
    }
  }
}
[18:37:56.416][info] [#0:script/library.lua:209]: Init builtin library at:	file:///home/nnisarggada/.config/nvim/lua/
[18:37:56.423][info] [#0:script/plugin.lua:86]: plugin path:	/home/nnisarggada/.config/nvim/lua
[18:37:56.423][warn] [#0:script/plugin.lua:101]: plugin not found:	/home/nnisarggada/.config/nvim/lua
[18:37:56.423][info] [#0:script/library.lua:209]: Init builtin library at:	nil
[18:37:56.430][info] [#0:script/provider/provider.lua:56]: Load config from client	fallback
[18:37:56.430][info] [#0:script/provider/provider.lua:57]: {
  Lua = {
    diagnostics = {
      globals = { "vim" }
    },
    telemetry = {
      enable = false
    },
    workspace = {
      library = {
        ["/home/nnisarggada/.config/nvim/lua"] = true,
        ["/usr/share/nvim/runtime/lua"] = true
      }
    }
  }
}
[18:37:56.430][info] [#0:script/provider/provider.lua:56]: Load config from client	fallback
[18:37:56.430][info] [#0:script/provider/provider.lua:57]: {
  Lua = {
    diagnostics = {
      globals = { "vim" }
    },
    telemetry = {
      enable = false
    },
    workspace = {
      library = {
        ["/home/nnisarggada/.config/nvim/lua"] = true,
        ["/usr/share/nvim/runtime/lua"] = true
      }
    }
  }
}
[18:37:56.530][info] [#0:script/workspace/workspace.lua:304]: Preload start:	file:///home/nnisarggada/.config/nvim/lua/
[18:37:56.531][info] [#0:script/workspace/workspace.lua:310]: Scan files at:	file:///home/nnisarggada/.config/nvim/lua/
[18:37:56.531][info] [#0:script/workspace/workspace.lua:304]: Preload start:	<fallback>
[18:37:56.531][info] [#0:script/workspace/workspace.lua:327]: Scan library at:	file:///home/nnisarggada/.config/nvim/lua
[18:37:56.533][info] [#0:script/workspace/workspace.lua:327]: Scan library at:	file:///home/nnisarggada/.config/nvim/lua
[18:37:56.533][info] [#0:script/workspace/workspace.lua:327]: Scan library at:	file:///usr/share/nvim/runtime/lua
[18:37:56.534][info] [#0:script/workspace/workspace.lua:327]: Scan library at:	file:///usr/share/nvim/runtime/lua
[18:37:56.535][info] [#0:script/workspace/workspace.lua:327]: Scan library at:	file:///home/nnisarggada/.local/share/nvim/mason/packages/lua-language-server/extension/server/meta/Lua%205.4%20en-us%20utf8
[18:37:56.536][info] [#0:script/workspace/workspace.lua:327]: Scan library at:	file:///home/nnisarggada/.local/share/nvim/mason/packages/lua-language-server/extension/server/meta/Lua%205.4%20en-us%20utf8
[18:37:56.636][info] [#0:script/workspace/workspace.lua:347]: Found 67 files at:	<fallback>
[18:37:56.636][info] [#0:script/workspace/loading.lua:157]: Load files from disk:	<fallback>
[18:37:56.636][info] [#0:script/workspace/workspace.lua:347]: Found 86 files at:	file:///home/nnisarggada/.config/nvim/lua/
[18:37:56.636][info] [#0:script/workspace/loading.lua:157]: Load files from disk:	file:///home/nnisarggada/.config/nvim/lua/
[18:37:56.980][info] [#0:script/workspace/loading.lua:169]: Loaded files takes [0.348] sec: <fallback>
[18:37:56.980][info] [#0:script/workspace/loading.lua:178]: Compile files takes [0.000] sec: <fallback>
[18:37:56.980][info] [#0:script/workspace/loading.lua:179]: Loaded finish:	<fallback>
[18:37:56.980][info] [#0:script/workspace/workspace.lua:349]: Preload finish at:	<fallback>
[18:37:56.987][info] [#0:script/workspace/loading.lua:169]: Loaded files takes [0.355] sec: file:///home/nnisarggada/.config/nvim/lua/
[18:37:56.987][info] [#0:script/workspace/loading.lua:178]: Compile files takes [0.000] sec: file:///home/nnisarggada/.config/nvim/lua/
[18:37:56.987][info] [#0:script/workspace/loading.lua:179]: Loaded finish:	file:///home/nnisarggada/.config/nvim/lua/
[18:37:56.987][info] [#0:script/workspace/workspace.lua:349]: Preload finish at:	file:///home/nnisarggada/.config/nvim/lua/
[18:37:57.012][info] [#0:script/provider/diagnostic.lua:552]: Diagnostics scope [file:///home/nnisarggada/.config/nvim/lua/], files count:[67]
[18:37:57.012][warn] [#0:script/proto/proto.lua:122]: Response of [workspace/diagnostic/refresh] error [-32601]: MethodNotFound
[18:37:57.012][warn] [#0:script/proto/proto.lua:122]: Response of [workspace/diagnostic/refresh] error [-32601]: MethodNotFound
[18:37:57.054][info] [#0:script/provider/diagnostic.lua:569]: Diagnostics scope [file:///home/nnisarggada/.config/nvim/lua/] finished, takes [0.042] sec.
[18:38:00.867][info] [#0:script/provider/provider.lua:170]: Server shutdown.
[18:38:00.867][warn] [#0:script/pub/report.lua:25]: Load proto error:	Disconnected!
